#
# There is insufficient memory for the Java Runtime Environment to continue.
# Native memory allocation (malloc) failed to allocate 32744 bytes for ChunkPool::allocate
# Possible reasons:
#   The system is out of physical RAM or swap space
#   In 32 bit mode, the process size limit was hit
# Possible solutions:
#   Reduce memory load on the system
#   Increase physical memory or swap space
#   Check if swap backing store is full
#   Use 64 bit Java on a 64 bit OS
#   Decrease Java heap size (-Xmx/-Xms)
#   Decrease number of Java threads
#   Decrease Java thread stack sizes (-Xss)
#   Set larger code cache with -XX:ReservedCodeCacheSize=
# This output file may be truncated or incomplete.
#
#  Out of Memory Error (allocation.cpp:273), pid=11608, tid=12228
#
# JRE version: Java(TM) SE Runtime Environment (8.0_60-b27) (build 1.8.0_60-b27)
# Java VM: Java HotSpot(TM) 64-Bit Server VM (25.60-b23 mixed mode windows-amd64 compressed oops)
# Failed to write core dump. Minidumps are not enabled by default on client versions of Windows
#

---------------  T H R E A D  ---------------

Current thread (0x00000000179bc800):  JavaThread "C2 CompilerThread1" daemon [_thread_in_native, id=12228, stack(0x0000000018090000,0x0000000018190000)]

Stack: [0x0000000018090000,0x0000000018190000]
[error occurred during error reporting (printing stack bounds), id 0xc0000005]

Native frames: (J=compiled Java code, j=interpreted, Vv=VM code, C=native code)


Current CompileTask:
C2:   2594 1949   !   4       com.android.dx.cf.cst.ConstantPoolParser::parse0 (731 bytes)


---------------  P R O C E S S  ---------------

Java Threads: ( => current thread )
  0x0000000017d52800 JavaThread "pool-2-thread-4" [_thread_blocked, id=16008, stack(0x0000000019190000,0x0000000019290000)]
  0x00000000185c1000 JavaThread "pool-2-thread-3" [_thread_blocked, id=1588, stack(0x0000000019090000,0x0000000019190000)]
  0x00000000185c0800 JavaThread "pool-2-thread-2" [_thread_blocked, id=12376, stack(0x0000000018f90000,0x0000000019090000)]
  0x0000000017cac800 JavaThread "pool-3-thread-1" [_thread_blocked, id=12980, stack(0x0000000018e90000,0x0000000018f90000)]
  0x0000000017ce7000 JavaThread "pool-2-thread-1" [_thread_blocked, id=9352, stack(0x0000000018d90000,0x0000000018e90000)]
  0x0000000017a61800 JavaThread "Service Thread" daemon [_thread_blocked, id=10392, stack(0x0000000018390000,0x0000000018490000)]
  0x00000000179c7800 JavaThread "C1 CompilerThread3" daemon [_thread_blocked, id=12568, stack(0x0000000018290000,0x0000000018390000)]
  0x00000000179c5000 JavaThread "C2 CompilerThread2" daemon [_thread_in_native, id=7580, stack(0x0000000018190000,0x0000000018290000)]
=>0x00000000179bc800 JavaThread "C2 CompilerThread1" daemon [_thread_in_native, id=12228, stack(0x0000000018090000,0x0000000018190000)]
  0x00000000179b8800 JavaThread "C2 CompilerThread0" daemon [_thread_blocked, id=16076, stack(0x0000000017f90000,0x0000000018090000)]
  0x00000000179b6800 JavaThread "Attach Listener" daemon [_thread_blocked, id=12148, stack(0x0000000017e90000,0x0000000017f90000)]
  0x00000000179b5800 JavaThread "Signal Dispatcher" daemon [_thread_blocked, id=11732, stack(0x0000000017d90000,0x0000000017e90000)]
  0x0000000002e9a800 JavaThread "Finalizer" daemon [_thread_blocked, id=14172, stack(0x0000000017890000,0x0000000017990000)]
  0x00000000159bd800 JavaThread "Reference Handler" daemon [_thread_blocked, id=10712, stack(0x0000000017790000,0x0000000017890000)]
  0x0000000002d9d800 JavaThread "main" [_thread_blocked, id=16040, stack(0x0000000002ba0000,0x0000000002ca0000)]

Other Threads:
  0x00000000159b9000 VMThread [stack: 0x0000000017690000,0x0000000017790000] [id=1100]
  0x0000000017a64800 WatcherThread [stack: 0x0000000018490000,0x0000000018590000] [id=6052]

VM state:at safepoint (normal execution)

VM Mutex/Monitor currently owned by a thread:  ([mutex/lock_event])
[0x0000000002d9d200] Threads_lock - owner thread: 0x00000000159b9000
[0x0000000002d9c600] Heap_lock - owner thread: 0x0000000017ce7000

Heap:
 PSYoungGen      total 71680K, used 71674K [0x00000000eab00000, 0x00000000f4e00000, 0x0000000100000000)
  eden space 66560K, 100% used [0x00000000eab00000,0x00000000eec00000,0x00000000eec00000)
  from space 5120K, 99% used [0x00000000eec00000,0x00000000ef0fea48,0x00000000ef100000)
  to   space 16896K, 94% used [0x00000000f3d80000,0x00000000f4d0f890,0x00000000f4e00000)
 ParOldGen       total 87552K, used 24811K [0x00000000c0000000, 0x00000000c5580000, 0x00000000eab00000)
  object space 87552K, 28% used [0x00000000c0000000,0x00000000c183ad18,0x00000000c5580000)
 Metaspace       used 6363K, capacity 7216K, committed 7296K, reserved 1056768K
  class space    used 604K, capacity 616K, committed 640K, reserved 1048576K

Card table byte_map: [0x0000000012260000,0x0000000012470000] byte_map_base: 0x0000000011c60000

Marking Bits: (ParMarkBitMap*) 0x00000000708ba5b0
 Begin Bits: [0x0000000012dd0000, 0x0000000013dd0000)
 End Bits:   [0x0000000013dd0000, 0x0000000014dd0000)

Polling page: 0x0000000002aa0000

CodeCache: size=245760Kb used=7398Kb max_used=7398Kb free=238361Kb
 bounds [0x0000000002ea0000, 0x00000000035f0000, 0x0000000011ea0000]
 total_blobs=2205 nmethods=1935 adapters=182
 compilation: enabled

Compilation events (10 events):
Event: 2.348 Thread 0x00000000179c7800 2011       2       java.lang.Integer::bitCount (49 bytes)
Event: 2.348 Thread 0x00000000179c7800 nmethod 2011 0x00000000035dca90 code [0x00000000035dcbe0, 0x00000000035dcd50]
Event: 2.367 Thread 0x00000000179c7800 2012       2       com.android.dx.rop.cst.CstLong::getType (4 bytes)
Event: 2.367 Thread 0x00000000179c7800 nmethod 2012 0x00000000035dcdd0 code [0x00000000035dcf20, 0x00000000035dd070]
Event: 2.418 Thread 0x00000000179c7800 2014       2       com.android.dx.ssa.SsaMethod::makeNewSsaReg (26 bytes)
Event: 2.418 Thread 0x00000000179c7800 nmethod 2014 0x00000000035dd110 code [0x00000000035dd260, 0x00000000035dd3f0]
Event: 2.418 Thread 0x00000000179c7800 2015       2       com.android.dx.ssa.back.RegisterAllocator::insertMoveBefore (240 bytes)
Event: 2.420 Thread 0x00000000179c7800 nmethod 2015 0x00000000035dd490 code [0x00000000035dd7a0, 0x00000000035de768]
Event: 2.421 Thread 0x00000000179c7800 2016       2       com.android.dx.ssa.back.FirstFitLocalCombiningAllocator$Alignment$2::nextClearBit (26 bytes)
Event: 2.422 Thread 0x00000000179c7800 nmethod 2016 0x00000000035dff10 code [0x00000000035e0080, 0x00000000035e0298]

GC Heap History (10 events):
Event: 0.747 GC heap after
Heap after GC invocations=1 (full 0):
 PSYoungGen      total 38400K, used 5110K [0x00000000eab00000, 0x00000000ed580000, 0x0000000100000000)
  eden space 33280K, 0% used [0x00000000eab00000,0x00000000eab00000,0x00000000ecb80000)
  from space 5120K, 99% used [0x00000000ecb80000,0x00000000ed07d9b0,0x00000000ed080000)
  to   space 5120K, 0% used [0x00000000ed080000,0x00000000ed080000,0x00000000ed580000)
 ParOldGen       total 87552K, used 44K [0x00000000c0000000, 0x00000000c5580000, 0x00000000eab00000)
  object space 87552K, 0% used [0x00000000c0000000,0x00000000c000b258,0x00000000c5580000)
 Metaspace       used 5877K, capacity 6832K, committed 7040K, reserved 1056768K
  class space    used 601K, capacity 616K, committed 640K, reserved 1048576K
}
Event: 1.001 GC heap before
{Heap before GC invocations=2 (full 0):
 PSYoungGen      total 38400K, used 38390K [0x00000000eab00000, 0x00000000ed580000, 0x0000000100000000)
  eden space 33280K, 100% used [0x00000000eab00000,0x00000000ecb80000,0x00000000ecb80000)
  from space 5120K, 99% used [0x00000000ecb80000,0x00000000ed07d9b0,0x00000000ed080000)
  to   space 5120K, 0% used [0x00000000ed080000,0x00000000ed080000,0x00000000ed580000)
 ParOldGen       total 87552K, used 44K [0x00000000c0000000, 0x00000000c5580000, 0x00000000eab00000)
  object space 87552K, 0% used [0x00000000c0000000,0x00000000c000b258,0x00000000c5580000)
 Metaspace       used 6108K, capacity 7024K, committed 7296K, reserved 1056768K
  class space    used 603K, capacity 616K, committed 640K, reserved 1048576K
Event: 1.012 GC heap after
Heap after GC invocations=2 (full 0):
 PSYoungGen      total 38400K, used 5101K [0x00000000eab00000, 0x00000000ef600000, 0x0000000100000000)
  eden space 33280K, 0% used [0x00000000eab00000,0x00000000eab00000,0x00000000ecb80000)
  from space 5120K, 99% used [0x00000000ed080000,0x00000000ed57b698,0x00000000ed580000)
  to   space 5120K, 0% used [0x00000000ecb80000,0x00000000ecb80000,0x00000000ed080000)
 ParOldGen       total 87552K, used 3905K [0x00000000c0000000, 0x00000000c5580000, 0x00000000eab00000)
  object space 87552K, 4% used [0x00000000c0000000,0x00000000c03d0570,0x00000000c5580000)
 Metaspace       used 6108K, capacity 7024K, committed 7296K, reserved 1056768K
  class space    used 603K, capacity 616K, committed 640K, reserved 1048576K
}
Event: 1.132 GC heap before
{Heap before GC invocations=3 (full 0):
 PSYoungGen      total 38400K, used 38381K [0x00000000eab00000, 0x00000000ef600000, 0x0000000100000000)
  eden space 33280K, 100% used [0x00000000eab00000,0x00000000ecb80000,0x00000000ecb80000)
  from space 5120K, 99% used [0x00000000ed080000,0x00000000ed57b698,0x00000000ed580000)
  to   space 5120K, 0% used [0x00000000ecb80000,0x00000000ecb80000,0x00000000ed080000)
 ParOldGen       total 87552K, used 3905K [0x00000000c0000000, 0x00000000c5580000, 0x00000000eab00000)
  object space 87552K, 4% used [0x00000000c0000000,0x00000000c03d0570,0x00000000c5580000)
 Metaspace       used 6206K, capacity 7088K, committed 7296K, reserved 1056768K
  class space    used 603K, capacity 616K, committed 640K, reserved 1048576K
Event: 1.148 GC heap after
Heap after GC invocations=3 (full 0):
 PSYoungGen      total 38400K, used 5092K [0x00000000eab00000, 0x00000000ef600000, 0x0000000100000000)
  eden space 33280K, 0% used [0x00000000eab00000,0x00000000eab00000,0x00000000ecb80000)
  from space 5120K, 99% used [0x00000000ecb80000,0x00000000ed0791a8,0x00000000ed080000)
  to   space 5120K, 0% used [0x00000000ef100000,0x00000000ef100000,0x00000000ef600000)
 ParOldGen       total 87552K, used 9108K [0x00000000c0000000, 0x00000000c5580000, 0x00000000eab00000)
  object space 87552K, 10% used [0x00000000c0000000,0x00000000c08e5190,0x00000000c5580000)
 Metaspace       used 6206K, capacity 7088K, committed 7296K, reserved 1056768K
  class space    used 603K, capacity 616K, committed 640K, reserved 1048576K
}
Event: 1.230 GC heap before
{Heap before GC invocations=4 (full 0):
 PSYoungGen      total 38400K, used 38372K [0x00000000eab00000, 0x00000000ef600000, 0x0000000100000000)
  eden space 33280K, 100% used [0x00000000eab00000,0x00000000ecb80000,0x00000000ecb80000)
  from space 5120K, 99% used [0x00000000ecb80000,0x00000000ed0791a8,0x00000000ed080000)
  to   space 5120K, 0% used [0x00000000ef100000,0x00000000ef100000,0x00000000ef600000)
 ParOldGen       total 87552K, used 9108K [0x00000000c0000000, 0x00000000c5580000, 0x00000000eab00000)
  object space 87552K, 10% used [0x00000000c0000000,0x00000000c08e5190,0x00000000c5580000)
 Metaspace       used 6256K, capacity 7152K, committed 7296K, reserved 1056768K
  class space    used 604K, capacity 616K, committed 640K, reserved 1048576K
Event: 1.246 GC heap after
Heap after GC invocations=4 (full 0):
 PSYoungGen      total 71680K, used 5100K [0x00000000eab00000, 0x00000000ef600000, 0x0000000100000000)
  eden space 66560K, 0% used [0x00000000eab00000,0x00000000eab00000,0x00000000eec00000)
  from space 5120K, 99% used [0x00000000ef100000,0x00000000ef5fb328,0x00000000ef600000)
  to   space 5120K, 0% used [0x00000000eec00000,0x00000000eec00000,0x00000000ef100000)
 ParOldGen       total 87552K, used 14767K [0x00000000c0000000, 0x00000000c5580000, 0x00000000eab00000)
  object space 87552K, 16% used [0x00000000c0000000,0x00000000c0e6bd20,0x00000000c5580000)
 Metaspace       used 6256K, capacity 7152K, committed 7296K, reserved 1056768K
  class space    used 604K, capacity 616K, committed 640K, reserved 1048576K
}
Event: 1.643 GC heap before
{Heap before GC invocations=5 (full 0):
 PSYoungGen      total 71680K, used 71660K [0x00000000eab00000, 0x00000000ef600000, 0x0000000100000000)
  eden space 66560K, 100% used [0x00000000eab00000,0x00000000eec00000,0x00000000eec00000)
  from space 5120K, 99% used [0x00000000ef100000,0x00000000ef5fb328,0x00000000ef600000)
  to   space 5120K, 0% used [0x00000000eec00000,0x00000000eec00000,0x00000000ef100000)
 ParOldGen       total 87552K, used 14767K [0x00000000c0000000, 0x00000000c5580000, 0x00000000eab00000)
  object space 87552K, 16% used [0x00000000c0000000,0x00000000c0e6bd20,0x00000000c5580000)
 Metaspace       used 6325K, capacity 7152K, committed 7296K, reserved 1056768K
  class space    used 604K, capacity 616K, committed 640K, reserved 1048576K
Event: 1.693 GC heap after
Heap after GC invocations=5 (full 0):
 PSYoungGen      total 71680K, used 5114K [0x00000000eab00000, 0x00000000f4e00000, 0x0000000100000000)
  eden space 66560K, 0% used [0x00000000eab00000,0x00000000eab00000,0x00000000eec00000)
  from space 5120K, 99% used [0x00000000eec00000,0x00000000ef0fea48,0x00000000ef100000)
  to   space 16896K, 0% used [0x00000000f3d80000,0x00000000f3d80000,0x00000000f4e00000)
 ParOldGen       total 87552K, used 24803K [0x00000000c0000000, 0x00000000c5580000, 0x00000000eab00000)
  object space 87552K, 28% used [0x00000000c0000000,0x00000000c1838d18,0x00000000c5580000)
 Metaspace       used 6325K, capacity 7152K, committed 7296K, reserved 1056768K
  class space    used 604K, capacity 616K, committed 640K, reserved 1048576K
}
Event: 2.444 GC heap before
{Heap before GC invocations=6 (full 0):
 PSYoungGen      total 71680K, used 71674K [0x00000000eab00000, 0x00000000f4e00000, 0x0000000100000000)
  eden space 66560K, 100% used [0x00000000eab00000,0x00000000eec00000,0x00000000eec00000)
  from space 5120K, 99% used [0x00000000eec00000,0x00000000ef0fea48,0x00000000ef100000)
  to   space 16896K, 0% used [0x00000000f3d80000,0x00000000f3d80000,0x00000000f4e00000)
 ParOldGen       total 87552K, used 24803K [0x00000000c0000000, 0x00000000c5580000, 0x00000000eab00000)
  object space 87552K, 28% used [0x00000000c0000000,0x00000000c1838d18,0x00000000c5580000)
 Metaspace       used 6363K, capacity 7216K, committed 7296K, reserved 1056768K
  class space    used 604K, capacity 616K, committed 640K, reserved 1048576K

Deoptimization events (10 events):
Event: 1.074 Thread 0x0000000017d52800 Uncommon trap: reason=bimorphic action=maybe_recompile pc=0x00000000030dd5e8 method=java.util.HashMap.getNode(ILjava/lang/Object;)Ljava/util/HashMap$Node; @ 126
Event: 1.074 Thread 0x0000000017d52800 Uncommon trap: reason=class_check action=maybe_recompile pc=0x00000000032e1ac0 method=java.util.HashMap.putVal(ILjava/lang/Object;Ljava/lang/Object;ZZ)Ljava/lang/Object; @ 203
Event: 1.074 Thread 0x0000000017d52800 Uncommon trap: reason=bimorphic action=maybe_recompile pc=0x00000000030e2058 method=java.util.HashMap.getNode(ILjava/lang/Object;)Ljava/util/HashMap$Node; @ 126
Event: 1.074 Thread 0x0000000017d52800 Uncommon trap: reason=bimorphic action=maybe_recompile pc=0x00000000030e2058 method=java.util.HashMap.getNode(ILjava/lang/Object;)Ljava/util/HashMap$Node; @ 126
Event: 1.075 Thread 0x0000000017d52800 Uncommon trap: reason=class_check action=maybe_recompile pc=0x000000000330ad3c method=java.util.HashMap.putVal(ILjava/lang/Object;Ljava/lang/Object;ZZ)Ljava/lang/Object; @ 203
Event: 1.075 Thread 0x0000000017d52800 Uncommon trap: reason=bimorphic action=maybe_recompile pc=0x00000000030dd5e8 method=java.util.HashMap.getNode(ILjava/lang/Object;)Ljava/util/HashMap$Node; @ 126
Event: 1.155 Thread 0x00000000185c1000 Uncommon trap: reason=unstable_if action=reinterpret pc=0x000000000343a484 method=com.android.dx.ssa.SCCP.simulateBranch(Lcom/android/dx/ssa/SsaInsn;)V @ 64
Event: 1.156 Thread 0x00000000185c1000 Uncommon trap: reason=unstable_if action=reinterpret pc=0x000000000326a71c method=com.android.dx.ssa.SsaMethod.updateOneDefinition(Lcom/android/dx/ssa/SsaInsn;Lcom/android/dx/rop/code/RegisterSpec;)V @ 4
Event: 1.343 Thread 0x0000000017d52800 Uncommon trap: reason=unstable_if action=reinterpret pc=0x0000000003509ca4 method=com.android.dx.ssa.SsaRenamer$BlockRenamer.visitMoveInsn(Lcom/android/dx/ssa/NormalSsaInsn;)V @ 104
Event: 1.408 Thread 0x0000000017ce7000 Uncommon trap: reason=class_check action=maybe_recompile pc=0x00000000032e1ac0 method=java.util.HashMap.putVal(ILjava/lang/Object;Ljava/lang/Object;ZZ)Ljava/lang/Object; @ 203

Internal exceptions (3 events):
Event: 0.041 Thread 0x0000000002d9d800 Exception <a 'java/lang/NoSuchMethodError': Method sun.misc.Unsafe.defineClass(Ljava/lang/String;[BII)Ljava/lang/Class; name or signature does not match> (0x00000000eab0dcf0) thrown at [C:\re\workspace\8-2-build-windows-amd64-cygwin\jdk8u60\4407\hotspot\srû4	Fí¤?
Event: 0.041 Thread 0x0000000002d9d800 Exception <a 'java/lang/NoSuchMethodError': Method sun.misc.Unsafe.prefetchRead(Ljava/lang/Object;J)V name or signature does not match> (0x00000000eab0dfd8) thrown at [C:\re\workspace\8-2-build-windows-amd64-cygwin\jdk8u60\4407\hotspot\src\share\vm\prims\jhåAa)è?
Event: 0.755 Thread 0x00000000185c0800 Implicit null exception at 0x00000000031e46a2 to 0x00000000031e47a9

Events (10 events):
Event: 1.529 Thread 0x0000000017ce7000 DEOPT UNPACKING pc=0x0000000002ee787f sp=0x0000000018e8e438 mode 0
Event: 1.623 Executing VM operation: ParallelGCFailedAllocation
Event: 1.693 Executing VM operation: ParallelGCFailedAllocation done
Event: 2.238 loading class com/android/dx/rop/code/RegisterSpec$1
Event: 2.238 loading class com/android/dx/rop/code/RegisterSpec$1 done
Event: 2.258 Thread 0x0000000002d9d800 DEOPT PACKING pc=0x00000000034a6452 sp=0x0000000002c9e680
Event: 2.258 Thread 0x0000000002d9d800 DEOPT UNPACKING pc=0x0000000002ee787f sp=0x0000000002c9e490 mode 0
Event: 2.259 Thread 0x0000000002d9d800 DEOPT PACKING pc=0x00000000034a3fe1 sp=0x0000000002c9e580
Event: 2.259 Thread 0x0000000002d9d800 DEOPT UNPACKING pc=0x0000000002ee787f sp=0x0000000002c9e340 mode 0
Event: 2.439 Executing VM operation: ParallelGCFailedAllocation


Dynamic libraries:
0x00007ff76b850000 - 0x00007ff76b887000 	C:\Program Files\Java\jdk1.8.0_60\bin\java.exe
0x00007fff12cf0000 - 0x00007fff12ec1000 	C:\WINDOWS\SYSTEM32\ntdll.dll
0x00007fff12a00000 - 0x00007fff12aab000 	C:\WINDOWS\System32\KERNEL32.DLL
0x00007fff0f420000 - 0x00007fff0f63d000 	C:\WINDOWS\System32\KERNELBASE.dll
0x00007fff103f0000 - 0x00007fff10492000 	C:\WINDOWS\System32\ADVAPI32.dll
0x00007fff12530000 - 0x00007fff125ce000 	C:\WINDOWS\System32\msvcrt.dll
0x00007fff12060000 - 0x00007fff120b9000 	C:\WINDOWS\System32\sechost.dll
0x00007fff104a0000 - 0x00007fff105c1000 	C:\WINDOWS\System32\RPCRT4.dll
0x00007fff12b70000 - 0x00007fff12cd5000 	C:\WINDOWS\System32\USER32.dll
0x00007fff0ff90000 - 0x00007fff0ffae000 	C:\WINDOWS\System32\win32u.dll
0x00007fff12b30000 - 0x00007fff12b64000 	C:\WINDOWS\System32\GDI32.dll
0x00007fff0f1e0000 - 0x00007fff0f362000 	C:\WINDOWS\System32\gdi32full.dll
0x00007fff09960000 - 0x00007fff09bd9000 	C:\WINDOWS\WinSxS\amd64_microsoft.windows.common-controls_6595b64144ccf1df_6.0.14393.0_none_2d0f50fcbdb171b8\COMCTL32.dll
0x00007fff120c0000 - 0x00007fff12387000 	C:\WINDOWS\System32\combase.dll
0x00007fff10180000 - 0x00007fff10275000 	C:\WINDOWS\System32\ucrtbase.dll
0x00007fff0fe20000 - 0x00007fff0fe8a000 	C:\WINDOWS\System32\bcryptPrimitives.dll
0x00007fff10280000 - 0x00007fff102ae000 	C:\WINDOWS\System32\IMM32.DLL
0x0000000071870000 - 0x0000000071942000 	C:\Program Files\Java\jdk1.8.0_60\jre\bin\msvcr100.dll
0x00000000700b0000 - 0x0000000070939000 	C:\Program Files\Java\jdk1.8.0_60\jre\bin\server\jvm.dll
0x00007fff12ce0000 - 0x00007fff12ce8000 	C:\WINDOWS\System32\PSAPI.DLL
0x00007ffefbcc0000 - 0x00007ffefbcc9000 	C:\WINDOWS\SYSTEM32\WSOCK32.dll
0x00007fff0cf70000 - 0x00007fff0cf93000 	C:\WINDOWS\SYSTEM32\WINMM.dll
0x00007fff12ac0000 - 0x00007fff12b2a000 	C:\WINDOWS\System32\WS2_32.dll
0x00007fff09cd0000 - 0x00007fff09cda000 	C:\WINDOWS\SYSTEM32\VERSION.dll
0x00007fff0cd40000 - 0x00007fff0cd6b000 	C:\WINDOWS\SYSTEM32\WINMMBASE.dll
0x00007fff0ff40000 - 0x00007fff0ff82000 	C:\WINDOWS\System32\cfgmgr32.dll
0x0000000072980000 - 0x000000007298f000 	C:\Program Files\Java\jdk1.8.0_60\jre\bin\verify.dll
0x0000000071db0000 - 0x0000000071dd9000 	C:\Program Files\Java\jdk1.8.0_60\jre\bin\java.dll
0x0000000072640000 - 0x0000000072656000 	C:\Program Files\Java\jdk1.8.0_60\jre\bin\zip.dll
0x00007fff107d0000 - 0x00007fff11cd8000 	C:\WINDOWS\System32\SHELL32.dll
0x00007fff0f740000 - 0x00007fff0fe1a000 	C:\WINDOWS\System32\windows.storage.dll
0x00007fff0f180000 - 0x00007fff0f1cc000 	C:\WINDOWS\System32\powrprof.dll
0x00007fff12000000 - 0x00007fff12052000 	C:\WINDOWS\System32\shlwapi.dll
0x00007fff0f150000 - 0x00007fff0f15f000 	C:\WINDOWS\System32\kernel.appcore.dll
0x00007fff0fe90000 - 0x00007fff0ff39000 	C:\WINDOWS\System32\shcore.dll
0x00007fff0f160000 - 0x00007fff0f174000 	C:\WINDOWS\System32\profapi.dll

VM Arguments:
jvm_args: -Djava.awt.headless=true -Xmx1024M -Dfile.encoding=windows-1252 -Duser.country=US -Duser.language=en -Duser.variant 
java_command: com.android.dx.command.Main --dex --force-jumbo --num-threads=4 --multi-dex --output C:\Users\User\Desktop\HaliliJ\FirstAndroidApp_AfternoonClass\app\build\intermediates\transforms\dex\debug\folders\1000\10\com.android.support-support-v4-23.4.0_926c67cb7bf262457a1e0edbb793b1ba33dfeaa9 C:\Users\User\Desktop\HaliliJ\FirstAndroidApp_AfternoonClass\app\build\intermediates\exploded-aar\com.android.support\support-v4\23.4.0\jars\classes.jar
java_class_path (initial): C:\Users\User\AppData\Local\Android\sdk1\build-tools\23.0.3\lib\dx.jar
Launcher Type: SUN_STANDARD

Environment Variables:
JAVA_HOME=C:\Program Files\Java\jdk1.8.0_60
PATH=C:\ProgramData\Oracle\Java\javapath;C:\Program Files (x86)\Intel\iCLS Client\;C:\Program Files\Intel\iCLS Client\;C:\WINDOWS\system32;C:\WINDOWS;C:\WINDOWS\System32\Wbem;C:\WINDOWS\System32\WindowsPowerShell\v1.0\;C:\Program Files\Intel\Intel(R) Management Engine Components\DAL;C:\Program Files (x86)\Intel\Intel(R) Management Engine Components\DAL;C:\Program Files\Intel\Intel(R) Management Engine Components\IPT;C:\Program Files (x86)\Intel\Intel(R) Management Engine Components\IPT;C:\Program Files\Intel\WiFi\bin\;C:\Program Files\Common Files\Intel\WirelessCommon\;C:\Program Files (x86)\Windows Kits\8.1\Windows Performance Toolkit\;C:\Program Files\Microsoft SQL Server\110\Tools\Binn\;C:\Program Files (x86)\Common Files\lenovo\easyplussdk\bin;C:\Program Files\Microsoft SQL Server\Client SDK\ODBC\110\Tools\Binn\;C:\Program Files (x86)\Microsoft SQL Server\120\Tools\Binn\;C:\Program Files\Microsoft SQL Server\120\Tools\Binn\;C:\Program Files\Microsoft SQL Server\120\DTS\Binn\;C:\Program Files (x86)\Microsoft SQL Server\120\Tools\Binn\ManagementStudio\;C:\Program Files (x86)\Microsoft SQL Server\120\DTS\Binn\;C:\Program Files\MATLAB\R2016a\runtime\win64;C:\Program Files\MATLAB\R2016a\bin;C:\Program Files\MATLAB\R2016a\polyspace\bin;C:\Program Files (x86)\Skype\Phone\;C:\ffmpeg\bin;C:\Users\User\AppData\Local\atom\bin;C:\Python27;C:\Python27\python.exe;C:\Python27\Scripts\;C:\Python27\Lib\site-packages\django\bin
USERNAME=User
OS=Windows_NT
PROCESSOR_IDENTIFIER=Intel64 Family 6 Model 60 Stepping 3, GenuineIntel



---------------  S Y S T E M  ---------------

OS: Windows 10.0 , 64 bit Build 14393 (10.0.14393.0)

CPU:total 8 (4 cores per cpu, 2 threads per core) family 6 model 60 stepping 3, cmov, cx8, fxsr, mmx, sse, sse2, sse3, ssse3, sse4.1, sse4.2, popcnt, avx, avx2, aes, clmul, erms, lzcnt, ht, tsc, tscinvbit, bmi1, bmi2

Memory: 4k page, physical 8293704k(1365816k free), swap 10247496k(5140k free)

vm_info: Java HotSpot(TM) 64-Bit Server VM (25.60-b23) for windows-amd64 JRE (1.8.0_60-b27), built on Aug  4 2015 11:06:27 by "java_re" with MS VC++ 10.0 (VS2010)

time: Thu Oct 06 18:55:16 2016
elapsed time: 2 seconds (0d 0h 0m 2s)

