#
# There is insufficient memory for the Java Runtime Environment to continue.
# Native memory allocation (malloc) failed to allocate 1048576 bytes for AllocateHeap
# Possible reasons:
#   The system is out of physical RAM or swap space
#   In 32 bit mode, the process size limit was hit
# Possible solutions:
#   Reduce memory load on the system
#   Increase physical memory or swap space
#   Check if swap backing store is full
#   Use 64 bit Java on a 64 bit OS
#   Decrease Java heap size (-Xmx/-Xms)
#   Decrease number of Java threads
#   Decrease Java thread stack sizes (-Xss)
#   Set larger code cache with -XX:ReservedCodeCacheSize=
# This output file may be truncated or incomplete.
#
#  Out of Memory Error (memory/allocation.inline.hpp:61), pid=15336, tid=13992
#
# JRE version:  (8.0_60-b27) (build )
# Java VM: Java HotSpot(TM) 64-Bit Server VM (25.60-b23 mixed mode windows-amd64 compressed oops)
# Failed to write core dump. Minidumps are not enabled by default on client versions of Windows
#

---------------  T H R E A D  ---------------

Current thread (0x0000000002edd800):  JavaThread "Unknown thread" [_thread_in_vm, id=13992, stack(0x0000000002ee0000,0x0000000002fe0000)]

Stack: [0x0000000002ee0000,0x0000000002fe0000]
[error occurred during error reporting (printing stack bounds), id 0xc0000005]

Native frames: (J=compiled Java code, j=interpreted, Vv=VM code, C=native code)


---------------  P R O C E S S  ---------------

Java Threads: ( => current thread )

Other Threads:

=>0x0000000002edd800 (exited) JavaThread "Unknown thread" [_thread_in_vm, id=13992, stack(0x0000000002ee0000,0x0000000002fe0000)]

VM state:not at safepoint (normal execution)

VM Mutex/Monitor currently owned by a thread: None

Heap:
 PSYoungGen      total 38400K, used 665K [0x00000000eab00000, 0x00000000ed580000, 0x0000000100000000)
  eden space 33280K, 2% used [0x00000000eab00000,0x00000000eaba6670,0x00000000ecb80000)
  from space 5120K, 0% used [0x00000000ed080000,0x00000000ed080000,0x00000000ed580000)
  to   space 5120K, 0% used [0x00000000ecb80000,0x00000000ecb80000,0x00000000ed080000)
 ParOldGen       total 87552K, used 0K [0x00000000c0000000, 0x00000000c5580000, 0x00000000eab00000)
  object space 87552K, 0% used [0x00000000c0000000,0x00000000c0000000,0x00000000c5580000)
 Metaspace       used 767K, capacity 4480K, committed 4480K, reserved 1056768K
  class space    used 75K, capacity 384K, committed 384K, reserved 1048576K

Card table byte_map: [0x00000000124a0000,0x00000000126b0000] byte_map_base: 0x0000000011ea0000

Marking Bits: (ParMarkBitMap*) 0x00000000708ba5b0
 Begin Bits: [0x0000000013010000, 0x0000000014010000)
 End Bits:   [0x0000000014010000, 0x0000000015010000)

Polling page: 0x0000000002ce0000

CodeCache: size=245760Kb used=328Kb max_used=328Kb free=245431Kb
 bounds [0x00000000030e0000, 0x0000000003350000, 0x00000000120e0000]
 total_blobs=57 nmethods=0 adapters=37
 compilation: enabled

Compilation events (0 events):
No events

GC Heap History (0 events):
No events

Deoptimization events (0 events):
No events

Internal exceptions (0 events):
No events

Events (10 events):
Event: 0.022 loading class java/lang/Short
Event: 0.022 loading class java/lang/Short done
Event: 0.022 loading class java/lang/Integer
Event: 0.022 loading class java/lang/Integer done
Event: 0.022 loading class java/lang/Long
Event: 0.023 loading class java/lang/Long done
Event: 0.023 loading class java/lang/NullPointerException
Event: 0.023 loading class java/lang/NullPointerException done
Event: 0.023 loading class java/lang/ArithmeticException
Event: 0.024 loading class java/lang/ArithmeticException done


Dynamic libraries:
0x00007ff76b850000 - 0x00007ff76b887000 	C:\Program Files\Java\jdk1.8.0_60\bin\java.exe
0x00007fff12cf0000 - 0x00007fff12ec1000 	C:\WINDOWS\SYSTEM32\ntdll.dll
0x00007fff12a00000 - 0x00007fff12aab000 	C:\WINDOWS\System32\KERNEL32.DLL
0x00007fff0f420000 - 0x00007fff0f63d000 	C:\WINDOWS\System32\KERNELBASE.dll
0x00007fff103f0000 - 0x00007fff10492000 	C:\WINDOWS\System32\ADVAPI32.dll
0x00007fff12530000 - 0x00007fff125ce000 	C:\WINDOWS\System32\msvcrt.dll
0x00007fff12060000 - 0x00007fff120b9000 	C:\WINDOWS\System32\sechost.dll
0x00007fff104a0000 - 0x00007fff105c1000 	C:\WINDOWS\System32\RPCRT4.dll
0x00007fff12b70000 - 0x00007fff12cd5000 	C:\WINDOWS\System32\USER32.dll
0x00007fff0ff90000 - 0x00007fff0ffae000 	C:\WINDOWS\System32\win32u.dll
0x00007fff12b30000 - 0x00007fff12b64000 	C:\WINDOWS\System32\GDI32.dll
0x00007fff0f1e0000 - 0x00007fff0f362000 	C:\WINDOWS\System32\gdi32full.dll
0x00007fff09960000 - 0x00007fff09bd9000 	C:\WINDOWS\WinSxS\amd64_microsoft.windows.common-controls_6595b64144ccf1df_6.0.14393.0_none_2d0f50fcbdb171b8\COMCTL32.dll
0x00007fff120c0000 - 0x00007fff12387000 	C:\WINDOWS\System32\combase.dll
0x00007fff10180000 - 0x00007fff10275000 	C:\WINDOWS\System32\ucrtbase.dll
0x00007fff0fe20000 - 0x00007fff0fe8a000 	C:\WINDOWS\System32\bcryptPrimitives.dll
0x00007fff10280000 - 0x00007fff102ae000 	C:\WINDOWS\System32\IMM32.DLL
0x0000000071860000 - 0x0000000071932000 	C:\Program Files\Java\jdk1.8.0_60\jre\bin\msvcr100.dll
0x00000000700b0000 - 0x0000000070939000 	C:\Program Files\Java\jdk1.8.0_60\jre\bin\server\jvm.dll
0x00007fff12ce0000 - 0x00007fff12ce8000 	C:\WINDOWS\System32\PSAPI.DLL
0x00007ffefbcc0000 - 0x00007ffefbcc9000 	C:\WINDOWS\SYSTEM32\WSOCK32.dll
0x00007fff09cd0000 - 0x00007fff09cda000 	C:\WINDOWS\SYSTEM32\VERSION.dll
0x00007fff0cf70000 - 0x00007fff0cf93000 	C:\WINDOWS\SYSTEM32\WINMM.dll
0x00007fff12ac0000 - 0x00007fff12b2a000 	C:\WINDOWS\System32\WS2_32.dll
0x00007fff0cd40000 - 0x00007fff0cd6b000 	C:\WINDOWS\SYSTEM32\WINMMBASE.dll
0x00007fff0ff40000 - 0x00007fff0ff82000 	C:\WINDOWS\System32\cfgmgr32.dll
0x0000000072650000 - 0x000000007265f000 	C:\Program Files\Java\jdk1.8.0_60\jre\bin\verify.dll
0x0000000071db0000 - 0x0000000071dd9000 	C:\Program Files\Java\jdk1.8.0_60\jre\bin\java.dll
0x0000000071d90000 - 0x0000000071da6000 	C:\Program Files\Java\jdk1.8.0_60\jre\bin\zip.dll

VM Arguments:
jvm_args: -Djava.awt.headless=true -Xmx1024M -Dfile.encoding=windows-1252 -Duser.country=US -Duser.language=en -Duser.variant 
java_command: com.android.dx.command.Main --dex --force-jumbo --num-threads=4 --multi-dex --output C:\Users\User\Desktop\HaliliJ\FirstAndroidApp_AfternoonClass\app\build\intermediates\transforms\dex\debug\folders\1000\10\com.android.support-support-vector-drawable-23.4.0_6f4f3aac597038eceb38c31999eabd4c2f9236cd C:\Users\User\Desktop\HaliliJ\FirstAndroidApp_AfternoonClass\app\build\intermediates\exploded-aar\com.android.support\support-vector-drawable\23.4.0\jars\classes.jar
java_class_path (initial): C:\Users\User\AppData\Local\Android\sdk1\build-tools\23.0.3\lib\dx.jar
Launcher Type: SUN_STANDARD

Environment Variables:
JAVA_HOME=C:\Program Files\Java\jdk1.8.0_60
PATH=C:\ProgramData\Oracle\Java\javapath;C:\Program Files (x86)\Intel\iCLS Client\;C:\Program Files\Intel\iCLS Client\;C:\WINDOWS\system32;C:\WINDOWS;C:\WINDOWS\System32\Wbem;C:\WINDOWS\System32\WindowsPowerShell\v1.0\;C:\Program Files\Intel\Intel(R) Management Engine Components\DAL;C:\Program Files (x86)\Intel\Intel(R) Management Engine Components\DAL;C:\Program Files\Intel\Intel(R) Management Engine Components\IPT;C:\Program Files (x86)\Intel\Intel(R) Management Engine Components\IPT;C:\Program Files\Intel\WiFi\bin\;C:\Program Files\Common Files\Intel\WirelessCommon\;C:\Program Files (x86)\Windows Kits\8.1\Windows Performance Toolkit\;C:\Program Files\Microsoft SQL Server\110\Tools\Binn\;C:\Program Files (x86)\Common Files\lenovo\easyplussdk\bin;C:\Program Files\Microsoft SQL Server\Client SDK\ODBC\110\Tools\Binn\;C:\Program Files (x86)\Microsoft SQL Server\120\Tools\Binn\;C:\Program Files\Microsoft SQL Server\120\Tools\Binn\;C:\Program Files\Microsoft SQL Server\120\DTS\Binn\;C:\Program Files (x86)\Microsoft SQL Server\120\Tools\Binn\ManagementStudio\;C:\Program Files (x86)\Microsoft SQL Server\120\DTS\Binn\;C:\Program Files\MATLAB\R2016a\runtime\win64;C:\Program Files\MATLAB\R2016a\bin;C:\Program Files\MATLAB\R2016a\polyspace\bin;C:\Program Files (x86)\Skype\Phone\;C:\ffmpeg\bin;C:\Users\User\AppData\Local\atom\bin;C:\Python27;C:\Python27\python.exe;C:\Python27\Scripts\;C:\Python27\Lib\site-packages\django\bin
USERNAME=User
OS=Windows_NT
PROCESSOR_IDENTIFIER=Intel64 Family 6 Model 60 Stepping 3, GenuineIntel



---------------  S Y S T E M  ---------------

OS: Windows 10.0 , 64 bit Build 14393 (10.0.14393.0)

CPU:total 8 (4 cores per cpu, 2 threads per core) family 6 model 60 stepping 3, cmov, cx8, fxsr, mmx, sse, sse2, sse3, ssse3, sse4.1, sse4.2, popcnt, avx, avx2, aes, clmul, erms, lzcnt, ht, tsc, tscinvbit, bmi1, bmi2

Memory: 4k page, physical 8293704k(1117688k free), swap 10247496k(5920k free)

vm_info: Java HotSpot(TM) 64-Bit Server VM (25.60-b23) for windows-amd64 JRE (1.8.0_60-b27), built on Aug  4 2015 11:06:27 by "java_re" with MS VC++ 10.0 (VS2010)

time: Thu Oct 06 18:50:24 2016
elapsed time: 0 seconds (0d 0h 0m 0s)

