#
# There is insufficient memory for the Java Runtime Environment to continue.
# Native memory allocation (malloc) failed to allocate 493136 bytes for Chunk::new
# Possible reasons:
#   The system is out of physical RAM or swap space
#   In 32 bit mode, the process size limit was hit
# Possible solutions:
#   Reduce memory load on the system
#   Increase physical memory or swap space
#   Check if swap backing store is full
#   Use 64 bit Java on a 64 bit OS
#   Decrease Java heap size (-Xmx/-Xms)
#   Decrease number of Java threads
#   Decrease Java thread stack sizes (-Xss)
#   Set larger code cache with -XX:ReservedCodeCacheSize=
# This output file may be truncated or incomplete.
#
#  Out of Memory Error (allocation.cpp:390), pid=15592, tid=6744
#
# JRE version: Java(TM) SE Runtime Environment (8.0_60-b27) (build 1.8.0_60-b27)
# Java VM: Java HotSpot(TM) 64-Bit Server VM (25.60-b23 mixed mode windows-amd64 compressed oops)
# Failed to write core dump. Minidumps are not enabled by default on client versions of Windows
#

---------------  T H R E A D  ---------------

Current thread (0x00000000174f8800):  JavaThread "C2 CompilerThread0" daemon [_thread_in_native, id=6744, stack(0x0000000017ad0000,0x0000000017bd0000)]

Stack: [0x0000000017ad0000,0x0000000017bd0000]
[error occurred during error reporting (printing stack bounds), id 0xc0000005]

Native frames: (J=compiled Java code, j=interpreted, Vv=VM code, C=native code)


Current CompileTask:
C2:   2282  568       4       com.android.dx.ssa.NormalSsaInsn::accept (25 bytes)


---------------  P R O C E S S  ---------------

Java Threads: ( => current thread )
  0x00000000176bf800 JavaThread "pool-2-thread-4" [_thread_in_Java, id=9432, stack(0x00000000184d0000,0x00000000185d0000)]
  0x00000000176d1800 JavaThread "pool-2-thread-3" [_thread_blocked, id=10116, stack(0x00000000183d0000,0x00000000184d0000)]
  0x00000000176c3800 JavaThread "pool-2-thread-2" [_thread_blocked, id=7880, stack(0x00000000182d0000,0x00000000183d0000)]
  0x0000000017687000 JavaThread "pool-3-thread-1" [_thread_blocked, id=32, stack(0x00000000181d0000,0x00000000182d0000)]
  0x0000000017686800 JavaThread "pool-2-thread-1" [_thread_in_Java, id=860, stack(0x00000000180d0000,0x00000000181d0000)]
  0x000000001750c000 JavaThread "Service Thread" daemon [_thread_blocked, id=15048, stack(0x0000000017ed0000,0x0000000017fd0000)]
  0x0000000017506000 JavaThread "C1 CompilerThread3" daemon [_thread_blocked, id=9748, stack(0x0000000017dd0000,0x0000000017ed0000)]
  0x0000000017500800 JavaThread "C2 CompilerThread2" daemon [_thread_in_native, id=8424, stack(0x0000000017cd0000,0x0000000017dd0000)]
  0x00000000174fc800 JavaThread "C2 CompilerThread1" daemon [_thread_in_native, id=13804, stack(0x0000000017bd0000,0x0000000017cd0000)]
=>0x00000000174f8800 JavaThread "C2 CompilerThread0" daemon [_thread_in_native, id=6744, stack(0x0000000017ad0000,0x0000000017bd0000)]
  0x00000000174f6800 JavaThread "Attach Listener" daemon [_thread_blocked, id=16804, stack(0x00000000179d0000,0x0000000017ad0000)]
  0x00000000027a9000 JavaThread "Signal Dispatcher" daemon [_thread_blocked, id=13200, stack(0x00000000178d0000,0x00000000179d0000)]
  0x00000000027a4800 JavaThread "Finalizer" daemon [_thread_blocked, id=7980, stack(0x00000000171e0000,0x00000000172e0000)]
  0x00000000152ed800 JavaThread "Reference Handler" daemon [_thread_blocked, id=12248, stack(0x00000000170e0000,0x00000000171e0000)]
  0x00000000025ad800 JavaThread "main" [_thread_in_native, id=11428, stack(0x00000000025b0000,0x00000000026b0000)]

Other Threads:
  0x00000000152e9000 VMThread [stack: 0x0000000016fe0000,0x00000000170e0000] [id=8152]
  0x00000000175a4000 WatcherThread [stack: 0x0000000017fd0000,0x00000000180d0000] [id=16368]

VM state:not at safepoint (normal execution)

VM Mutex/Monitor currently owned by a thread: None

Heap:
 PSYoungGen      total 38400K, used 29494K [0x00000000eab00000, 0x00000000ed580000, 0x0000000100000000)
  eden space 33280K, 88% used [0x00000000eab00000,0x00000000ec7cdb48,0x00000000ecb80000)
  from space 5120K, 0% used [0x00000000ed080000,0x00000000ed080000,0x00000000ed580000)
  to   space 5120K, 0% used [0x00000000ecb80000,0x00000000ecb80000,0x00000000ed080000)
 ParOldGen       total 87552K, used 0K [0x00000000c0000000, 0x00000000c5580000, 0x00000000eab00000)
  object space 87552K, 0% used [0x00000000c0000000,0x00000000c0000000,0x00000000c5580000)
 Metaspace       used 5662K, capacity 6832K, committed 7040K, reserved 1056768K
  class space    used 578K, capacity 616K, committed 640K, reserved 1048576K

Card table byte_map: [0x0000000011b70000,0x0000000011d80000] byte_map_base: 0x0000000011570000

Marking Bits: (ParMarkBitMap*) 0x00000000708ba5b0
 Begin Bits: [0x00000000126e0000, 0x00000000136e0000)
 End Bits:   [0x00000000136e0000, 0x00000000146e0000)

Polling page: 0x0000000002560000

CodeCache: size=245760Kb used=3900Kb max_used=3917Kb free=241859Kb
 bounds [0x00000000027b0000, 0x0000000002b90000, 0x00000000117b0000]
 total_blobs=1244 nmethods=982 adapters=175
 compilation: enabled

Compilation events (10 events):
Event: 2.103 Thread 0x0000000017500800 nmethod 616 0x0000000002a33610 code [0x0000000002a33760, 0x0000000002a338f8]
Event: 2.103 Thread 0x0000000017500800  635       4       com.android.dx.util.Bits::get (25 bytes)
Event: 2.103 Thread 0x0000000017500800 nmethod 635 0x0000000002a33390 code [0x0000000002a334c0, 0x0000000002a33558]
Event: 2.103 Thread 0x0000000017500800  639       4       com.android.dx.ssa.SsaBasicBlock::forEachInsn (37 bytes)
Event: 2.103 Thread 0x0000000017506000 nmethod 636 0x0000000002a3e050 code [0x0000000002a3e320, 0x0000000002a3f628]
Event: 2.103 Thread 0x0000000017506000  638       3       com.android.dx.cf.code.ByteBlockList::set (7 bytes)
Event: 2.104 Thread 0x0000000017506000 nmethod 638 0x0000000002a33010 code [0x0000000002a33180, 0x0000000002a33308]
Event: 2.104 Thread 0x0000000017506000  572       3       com.android.dx.cf.code.ExecutionStack::peek (42 bytes)
Event: 2.104 Thread 0x0000000017506000 nmethod 572 0x0000000002a391d0 code [0x0000000002a393e0, 0x0000000002a39dc8]
Event: 2.104 Thread 0x0000000017506000  610       3       java.util.ArrayList::subListRangeCheck (110 bytes)

GC Heap History (0 events):
No events

Deoptimization events (1 events):
Event: 1.804 Thread 0x00000000176d1800 Uncommon trap: reason=unstable_if action=reinterpret pc=0x00000000029baa60 method=java.util.HashMap.getNode(ILjava/lang/Object;)Ljava/util/HashMap$Node; @ 129

Internal exceptions (2 events):
Event: 0.501 Thread 0x00000000025ad800 Exception <a 'java/lang/NoSuchMethodError': Method sun.misc.Unsafe.defineClass(Ljava/lang/String;[BII)Ljava/lang/Class; name or signature does not match> (0x00000000eab0ddc0) thrown at [C:\re\workspace\8-2-build-windows-amd64-cygwin\jdk8u60\4407\hotspot\sr€øTL¨	à?
Event: 0.501 Thread 0x00000000025ad800 Exception <a 'java/lang/NoSuchMethodError': Method sun.misc.Unsafe.prefetchRead(Ljava/lang/Object;J)V name or signature does not match> (0x00000000eab0e0a8) thrown at [C:\re\workspace\8-2-build-windows-amd64-cygwin\jdk8u60\4407\hotspot\src\share\vm\prims\j

Events (10 events):
Event: 2.059 loading class com/android/dx/dex/file/DebugInfoItem
Event: 2.059 loading class com/android/dx/dex/file/DebugInfoItem done
Event: 2.065 loading class com/android/dx/rop/annotation/AnnotationsList
Event: 2.065 loading class com/android/dx/rop/annotation/AnnotationsList done
Event: 2.065 loading class com/android/dx/cf/code/SwitchList
Event: 2.065 loading class com/android/dx/cf/code/SwitchList done
Event: 2.093 loading class java/util/DualPivotQuicksort
Event: 2.093 loading class java/util/DualPivotQuicksort done
Event: 2.100 loading class java/util/ArrayList$1
Event: 2.101 loading class java/util/ArrayList$1 done


Dynamic libraries:
0x00007ff76b850000 - 0x00007ff76b887000 	C:\Program Files\Java\jdk1.8.0_60\bin\java.exe
0x00007fff12cf0000 - 0x00007fff12ec1000 	C:\WINDOWS\SYSTEM32\ntdll.dll
0x00007fff12a00000 - 0x00007fff12aab000 	C:\WINDOWS\System32\KERNEL32.DLL
0x00007fff0f420000 - 0x00007fff0f63d000 	C:\WINDOWS\System32\KERNELBASE.dll
0x00007fff103f0000 - 0x00007fff10492000 	C:\WINDOWS\System32\ADVAPI32.dll
0x00007fff12530000 - 0x00007fff125ce000 	C:\WINDOWS\System32\msvcrt.dll
0x00007fff12060000 - 0x00007fff120b9000 	C:\WINDOWS\System32\sechost.dll
0x00007fff104a0000 - 0x00007fff105c1000 	C:\WINDOWS\System32\RPCRT4.dll
0x00007fff12b70000 - 0x00007fff12cd5000 	C:\WINDOWS\System32\USER32.dll
0x00007fff0ff90000 - 0x00007fff0ffae000 	C:\WINDOWS\System32\win32u.dll
0x00007fff12b30000 - 0x00007fff12b64000 	C:\WINDOWS\System32\GDI32.dll
0x00007fff0f1e0000 - 0x00007fff0f362000 	C:\WINDOWS\System32\gdi32full.dll
0x00007fff09960000 - 0x00007fff09bd9000 	C:\WINDOWS\WinSxS\amd64_microsoft.windows.common-controls_6595b64144ccf1df_6.0.14393.0_none_2d0f50fcbdb171b8\COMCTL32.dll
0x00007fff120c0000 - 0x00007fff12387000 	C:\WINDOWS\System32\combase.dll
0x00007fff10180000 - 0x00007fff10275000 	C:\WINDOWS\System32\ucrtbase.dll
0x00007fff0fe20000 - 0x00007fff0fe8a000 	C:\WINDOWS\System32\bcryptPrimitives.dll
0x00007fff10280000 - 0x00007fff102ae000 	C:\WINDOWS\System32\IMM32.DLL
0x0000000071870000 - 0x0000000071942000 	C:\Program Files\Java\jdk1.8.0_60\jre\bin\msvcr100.dll
0x00000000700b0000 - 0x0000000070939000 	C:\Program Files\Java\jdk1.8.0_60\jre\bin\server\jvm.dll
0x00007fff12ce0000 - 0x00007fff12ce8000 	C:\WINDOWS\System32\PSAPI.DLL
0x00007ffefbcc0000 - 0x00007ffefbcc9000 	C:\WINDOWS\SYSTEM32\WSOCK32.dll
0x00007fff12ac0000 - 0x00007fff12b2a000 	C:\WINDOWS\System32\WS2_32.dll
0x00007fff0cf70000 - 0x00007fff0cf93000 	C:\WINDOWS\SYSTEM32\WINMM.dll
0x00007fff09cd0000 - 0x00007fff09cda000 	C:\WINDOWS\SYSTEM32\VERSION.dll
0x00007fff0cd40000 - 0x00007fff0cd6b000 	C:\WINDOWS\SYSTEM32\WINMMBASE.dll
0x00007fff0ff40000 - 0x00007fff0ff82000 	C:\WINDOWS\System32\cfgmgr32.dll
0x0000000072980000 - 0x000000007298f000 	C:\Program Files\Java\jdk1.8.0_60\jre\bin\verify.dll
0x0000000071db0000 - 0x0000000071dd9000 	C:\Program Files\Java\jdk1.8.0_60\jre\bin\java.dll
0x0000000072640000 - 0x0000000072656000 	C:\Program Files\Java\jdk1.8.0_60\jre\bin\zip.dll
0x00007fff107d0000 - 0x00007fff11cd8000 	C:\WINDOWS\System32\SHELL32.dll
0x00007fff0f740000 - 0x00007fff0fe1a000 	C:\WINDOWS\System32\windows.storage.dll
0x00007fff0f180000 - 0x00007fff0f1cc000 	C:\WINDOWS\System32\powrprof.dll
0x00007fff12000000 - 0x00007fff12052000 	C:\WINDOWS\System32\shlwapi.dll
0x00007fff0f150000 - 0x00007fff0f15f000 	C:\WINDOWS\System32\kernel.appcore.dll
0x00007fff0fe90000 - 0x00007fff0ff39000 	C:\WINDOWS\System32\shcore.dll
0x00007fff0f160000 - 0x00007fff0f174000 	C:\WINDOWS\System32\profapi.dll

VM Arguments:
jvm_args: -Djava.awt.headless=true -Xmx1024M -Dfile.encoding=windows-1252 -Duser.country=US -Duser.language=en -Duser.variant 
java_command: com.android.dx.command.Main --dex --force-jumbo --num-threads=4 --multi-dex --output C:\Users\User\Desktop\HaliliJ\FirstAndroidApp_AfternoonClass\app\build\intermediates\transforms\dex\debug\folders\1000\5\slice_1 C:\Users\User\Desktop\HaliliJ\FirstAndroidApp_AfternoonClass\app\build\intermediates\transforms\instantRunSlicer\debug\folders\1\5\slice_1
java_class_path (initial): C:\Users\User\AppData\Local\Android\sdk1\build-tools\23.0.3\lib\dx.jar
Launcher Type: SUN_STANDARD

Environment Variables:
JAVA_HOME=C:\Program Files\Java\jdk1.8.0_60
PATH=C:\ProgramData\Oracle\Java\javapath;C:\Program Files (x86)\Intel\iCLS Client\;C:\Program Files\Intel\iCLS Client\;C:\WINDOWS\system32;C:\WINDOWS;C:\WINDOWS\System32\Wbem;C:\WINDOWS\System32\WindowsPowerShell\v1.0\;C:\Program Files\Intel\Intel(R) Management Engine Components\DAL;C:\Program Files (x86)\Intel\Intel(R) Management Engine Components\DAL;C:\Program Files\Intel\Intel(R) Management Engine Components\IPT;C:\Program Files (x86)\Intel\Intel(R) Management Engine Components\IPT;C:\Program Files\Intel\WiFi\bin\;C:\Program Files\Common Files\Intel\WirelessCommon\;C:\Program Files (x86)\Windows Kits\8.1\Windows Performance Toolkit\;C:\Program Files\Microsoft SQL Server\110\Tools\Binn\;C:\Program Files (x86)\Common Files\lenovo\easyplussdk\bin;C:\Program Files\Microsoft SQL Server\Client SDK\ODBC\110\Tools\Binn\;C:\Program Files (x86)\Microsoft SQL Server\120\Tools\Binn\;C:\Program Files\Microsoft SQL Server\120\Tools\Binn\;C:\Program Files\Microsoft SQL Server\120\DTS\Binn\;C:\Program Files (x86)\Microsoft SQL Server\120\Tools\Binn\ManagementStudio\;C:\Program Files (x86)\Microsoft SQL Server\120\DTS\Binn\;C:\Program Files\MATLAB\R2016a\runtime\win64;C:\Program Files\MATLAB\R2016a\bin;C:\Program Files\MATLAB\R2016a\polyspace\bin;C:\Program Files (x86)\Skype\Phone\;C:\ffmpeg\bin;C:\Users\User\AppData\Local\atom\bin;C:\Python27;C:\Python27\python.exe;C:\Python27\Scripts\;C:\Python27\Lib\site-packages\django\bin
USERNAME=User
OS=Windows_NT
PROCESSOR_IDENTIFIER=Intel64 Family 6 Model 60 Stepping 3, GenuineIntel



---------------  S Y S T E M  ---------------

OS: Windows 10.0 , 64 bit Build 14393 (10.0.14393.0)

CPU:total 8 (4 cores per cpu, 2 threads per core) family 6 model 60 stepping 3, cmov, cx8, fxsr, mmx, sse, sse2, sse3, ssse3, sse4.1, sse4.2, popcnt, avx, avx2, aes, clmul, erms, lzcnt, ht, tsc, tscinvbit, bmi1, bmi2

Memory: 4k page, physical 8293704k(1524668k free), swap 10247496k(390732k free)

vm_info: Java HotSpot(TM) 64-Bit Server VM (25.60-b23) for windows-amd64 JRE (1.8.0_60-b27), built on Aug  4 2015 11:06:27 by "java_re" with MS VC++ 10.0 (VS2010)

time: Thu Oct 06 18:55:16 2016
elapsed time: 2 seconds (0d 0h 0m 2s)

